<?xml version="1.0" encoding="UTF-8"?>
<!-- Generated by org.testng.reporters.JUnitReportReporter -->
<testsuite hostname="a-09cb71e408014" name="Web_Applet_Testing" tests="1" failures="0" timestamp="6 May 2012 09:25:57 GMT" time="19.437" errors="0">
  <testcase name="testAppletFeatures" time="19.437" classname="Web_Applet_Testing"/>
</testsuite>
