<?xml version="1.0" encoding="UTF-8"?>
<!-- Generated by org.testng.reporters.JUnitReportReporter -->
<testsuite hostname="a-a294c31b28df4" name="BBC" tests="1" failures="0" timestamp="16 Feb 2013 22:50:36 GMT" time="18.125" errors="0">
  <testcase name="testBBC" time="18.125" classname="BBC"/>
</testsuite> <!-- BBC -->
