<?xml version="1.0" encoding="UTF-8"?>
<!-- Generated by org.testng.reporters.JUnitReportReporter -->
<testsuite hostname="a-a294c31b28df4" name="Gmail" tests="1" failures="0" timestamp="16 Feb 2013 22:43:48 GMT" time="6.297" errors="0">
  <testcase name="testHomePage" time="6.297" classname="Gmail"/>
</testsuite> <!-- Gmail -->
