<?xml version="1.0" encoding="UTF-8"?>
<!-- Generated by org.testng.reporters.JUnitReportReporter -->
<testsuite hostname="a-2ebe93ee60a74" name="Sample_RC_APP_WAY1" tests="1" failures="0" timestamp="16 Sep 2011 12:39:10 GMT" time="11.359" errors="0">
  <testcase name="testGmail" time="11.359" classname="Sample_RC_APP_WAY1"/>
</testsuite>
