<?xml version="1.0" encoding="UTF-8"?>
<!-- Generated by org.testng.reporters.JUnitReportReporter -->
<testsuite hostname="BAM-033354-PA" name="com.appium.mavensampleJigs.WhatsAppTest" tests="1" failures="0" timestamp="16 Aug 2015 06:46:45 GMT" time="29.262" errors="0">
  <testcase name="testApp" time="29.262" classname="com.appium.mavensampleJigs.WhatsAppTest"/>
</testsuite>
