<?xml version="1.0" encoding="UTF-8"?>
<!-- Generated by org.testng.reporters.JUnitReportReporter -->
<testsuite hostname="ashish-PC" name="suiteABC.TestB" tests="1" failures="0" timestamp="21 Jun 2014 09:29:33 GMT" time="0.000" errors="0">
  <testcase name="testB" time="0.000" classname="suiteABC.TestB"/>
</testsuite> <!-- suiteABC.TestB -->
