<?xml version="1.0" encoding="UTF-8"?>
<!-- Generated by org.testng.reporters.JUnitReportReporter -->
<testsuite hostname="ashish-PC" name="suiteABC.TestA" tests="1" failures="0" timestamp="21 Jun 2014 09:29:33 GMT" time="0.005" errors="0">
  <testcase name="testA" time="0.005" classname="suiteABC.TestA"/>
</testsuite> <!-- suiteABC.TestA -->
