<?xml version="1.0" encoding="UTF-8"?>
<!-- Generated by org.testng.reporters.JUnitReportReporter -->
<testsuite hostname="ashish-PC" name="suiteABC.TestC" tests="1" failures="0" timestamp="21 Jun 2014 09:29:33 GMT" time="0.001" errors="0">
  <testcase name="testC" time="0.001" classname="suiteABC.TestC"/>
</testsuite> <!-- suiteABC.TestC -->
