<?xml version="1.0" encoding="UTF-8"?>
<!-- Generated by org.testng.reporters.JUnitReportReporter -->
<testsuite hostname="ashish-PC" name="com.qtpselenium.framework.suiteB.TestB3" tests="2" failures="0" timestamp="25 Feb 2015 03:03:07 GMT" time="0.000" errors="0">
  <testcase name="testB3" time="0.000" classname="com.qtpselenium.framework.suiteB.TestB3"/>
  <testcase name="testB3" time="0.000" classname="com.qtpselenium.framework.suiteB.TestB3"/>
</testsuite>
