<?xml version="1.0" encoding="UTF-8"?>
<!-- Generated by org.testng.reporters.JUnitReportReporter -->
<testsuite hostname="ashish-PC" name="TouchEvents2" tests="1" failures="0" timestamp="23 Nov 2014 05:44:31 GMT" time="37.092" errors="0">
  <testcase name="testApp" time="37.092" classname="TouchEvents2"/>
</testsuite> <!-- TouchEvents2 -->
