<?xml version="1.0" encoding="UTF-8"?>
<!-- Generated by org.testng.reporters.JUnitReportReporter -->
<testsuite hostname="ashish-PC" name="TouchEvents1" tests="1" failures="0" timestamp="23 Nov 2014 05:15:33 GMT" time="17.252" errors="0">
  <testcase name="testApp" time="17.252" classname="TouchEvents1"/>
</testsuite> <!-- TouchEvents1 -->
