<?xml version="1.0" encoding="UTF-8"?>
<!-- Generated by org.testng.reporters.JUnitReportReporter -->
<testsuite hostname="ashish-PC" name="TouchEvenets3" tests="1" failures="0" timestamp="23 Nov 2014 08:03:46 GMT" time="18.516" errors="0">
  <testcase name="testApp" time="18.516" classname="TouchEvenets3"/>
</testsuite> <!-- TouchEvenets3 -->
