<?xml version="1.0" encoding="UTF-8"?>
<!-- Generated by org.testng.reporters.JUnitReportReporter -->
<testsuite hostname="ashish-PC" name="MultiToch_Ex" tests="1" failures="0" timestamp="23 Nov 2014 09:53:36 GMT" time="13.833" errors="0">
  <testcase name="testApp" time="13.833" classname="MultiToch_Ex"/>
</testsuite> <!-- MultiToch_Ex -->
