<?xml version="1.0" encoding="UTF-8"?>
<!-- Generated by org.testng.reporters.JUnitReportReporter -->
<testsuite hostname="ashish-PC" name="SwipeAction" tests="1" failures="0" timestamp="23 Nov 2014 08:22:57 GMT" time="22.089" errors="0">
  <testcase name="testApp" time="22.089" classname="SwipeAction"/>
</testsuite> <!-- SwipeAction -->
