<?xml version="1.0" encoding="UTF-8"?>
<!-- Generated by org.testng.reporters.JUnitReportReporter -->
<testsuite hostname="a-0d60a2f203f14" name="com.qtpselenium.suiteC.TestCase_C1" tests="4" failures="4" timestamp="17 Nov 2011 18:12:54 GMT" time="0.016" errors="0">
  <testcase name="testcaseC1" time="0.000" classname="com.qtpselenium.suiteC.TestCase_C1"/>
  <testcase name="testcaseC1" time="0.016" classname="com.qtpselenium.suiteC.TestCase_C1"/>
  <testcase name="testcaseC1" time="0.000" classname="com.qtpselenium.suiteC.TestCase_C1"/>
  <testcase name="testcaseC1" time="0.000" classname="com.qtpselenium.suiteC.TestCase_C1"/>
</testsuite>
