<?xml version="1.0" encoding="UTF-8"?>
<!-- Generated by org.testng.reporters.JUnitReportReporter -->
<testsuite hostname="a-4c9226aad0844" name="com.ally.testcases.OpenAccount" tests="1" failures="0" timestamp="10 Feb 2014 03:15:28 GMT" time="54.937" errors="0">
  <testcase name="openAccount" time="54.937" classname="com.ally.testcases.OpenAccount"/>
</testsuite> <!-- com.ally.testcases.OpenAccount -->
