<?xml version="1.0" encoding="UTF-8"?>
<!-- Generated by org.testng.reporters.JUnitReportReporter -->
<testsuite hostname="a-4c9226aad0844" name="com.ally.testcases.OpenAccount1" tests="1" failures="0" timestamp="10 Feb 2014 03:04:39 GMT" time="53.422" errors="0">
  <testcase name="openAccount" time="53.422" classname="com.ally.testcases.OpenAccount1"/>
</testsuite> <!-- com.ally.testcases.OpenAccount1 -->
