<?xml version="1.0" encoding="UTF-8"?>
<!-- Generated by org.testng.reporters.JUnitReportReporter -->
<testsuite hostname="a-89345cca7a574" name="Salesforce_Lead" tests="1" failures="0" timestamp="22 Mar 2013 05:30:37 GMT" time="57.828" errors="0">
  <testcase name="createLead" time="57.828" classname="Salesforce_Lead"/>
</testsuite> <!-- Salesforce_Lead -->
