<?xml version="1.0" encoding="UTF-8"?>
<!-- Generated by org.testng.reporters.JUnitReportReporter -->
<testsuite hostname="a-a294c31b28df4" name="testcases.Google_Search" tests="2" failures="0" timestamp="21 Feb 2013 22:25:34 GMT" time="21.798" errors="0">
  <testcase name="searchTest" time="8.860" classname="testcases.Google_Search"/>
  <testcase name="searchTest" time="12.938" classname="testcases.Google_Search"/>
</testsuite> <!-- testcases.Google_Search -->
