<?xml version="1.0" encoding="UTF-8"?>
<!-- Generated by org.testng.reporters.JUnitReportReporter -->
<testsuite hostname="ashish-PC" name="com.qtpselenium.framework.suiteB.TestB1" tests="3" failures="0" timestamp="25 Feb 2015 03:03:07 GMT" time="0.001" errors="0">
  <testcase name="testB1" time="0.000" classname="com.qtpselenium.framework.suiteB.TestB1"/>
  <testcase name="testB1" time="0.001" classname="com.qtpselenium.framework.suiteB.TestB1"/>
  <testcase name="testB1" time="0.000" classname="com.qtpselenium.framework.suiteB.TestB1"/>
</testsuite>
