<?xml version="1.0" encoding="UTF-8"?>
<!-- Generated by org.testng.reporters.JUnitReportReporter -->
<testsuite hostname="ashish-PC" name="testcases.TestCases" tests="4" failures="0" timestamp="20 Jun 2014 11:18:03 GMT" time="0.010" errors="0">
  <testcase name="testB" time="0.010" classname="testcases.TestCases"/>
  <testcase name="testA" time="0.000" classname="testcases.TestCases"/>
  <testcase name="testA" time="0.000" classname="testcases.TestCases"/>
  <testcase name="testB" time="0.000" classname="testcases.TestCases"/>
</testsuite> <!-- testcases.TestCases -->
