<?xml version="1.0" encoding="UTF-8"?>
<!-- Generated by org.testng.reporters.JUnitReportReporter -->
<testsuite hostname="sejal-1d039e8ea" name="Grid.TestApp2" tests="2" failures="0" timestamp="28 Mar 2012 09:13:24 GMT" time="4.250" errors="0">
  <testcase name="test_second" time="0.359" classname="Grid.TestApp2"/>
  <testcase name="test_first" time="3.891" classname="Grid.TestApp2"/>
</testsuite>
