<?xml version="1.0" encoding="UTF-8"?>
<!-- Generated by org.testng.reporters.JUnitReportReporter -->
<testsuite hostname="ashish-PC" name="touchactions.PinchTest" tests="1" failures="0" timestamp="23 Nov 2014 09:10:46 GMT" time="24.299" errors="0">
  <testcase name="setUpAppium" time="24.299" classname="touchactions.PinchTest"/>
</testsuite> <!-- touchactions.PinchTest -->
