<?xml version="1.0" encoding="UTF-8"?>
<!-- Generated by org.testng.reporters.JUnitReportReporter -->
<testsuite hostname="ashish-PC" name="WatsApp" tests="1" failures="0" timestamp="17 Nov 2014 06:30:56 GMT" time="11.952" errors="0">
  <testcase name="testApp" time="11.952" classname="WatsApp"/>
</testsuite> <!-- WatsApp -->
