<?xml version="1.0" encoding="UTF-8"?>
<!-- Generated by org.testng.reporters.JUnitReportReporter -->
<testsuite hostname="ashish-PC" name="testcases.CateGoryItemsTest" tests="1" failures="0" timestamp="19 Nov 2014 10:31:12 GMT" time="140.786" errors="0">
  <testcase name="testCategoryOptions" time="140.786" classname="testcases.CateGoryItemsTest"/>
</testsuite> <!-- testcases.CateGoryItemsTest -->
