<?xml version="1.0" encoding="UTF-8"?>
<!-- Generated by org.testng.reporters.JUnitReportReporter -->
<testsuite hostname="sejal-1d039e8ea" name="Grid.TestApp1" tests="2" failures="0" timestamp="28 Mar 2012 09:13:24 GMT" time="4.875" errors="0">
  <testcase name="test_THIRD" time="3.750" classname="Grid.TestApp1"/>
  <testcase name="test_FOURTH" time="1.125" classname="Grid.TestApp1"/>
</testsuite>
