<?xml version="1.0" encoding="UTF-8"?>
<!-- Generated by org.testng.reporters.JUnitReportReporter -->
<testsuite hostname="ashish-PC" name="touchactions.Temp" tests="1" failures="0" timestamp="21 Nov 2014 10:05:16 GMT" time="18.791" errors="0">
  <testcase name="testApp" time="18.791" classname="touchactions.Temp"/>
</testsuite> <!-- touchactions.Temp -->
