<?xml version="1.0" encoding="UTF-8"?>
<!-- Generated by org.testng.reporters.JUnitReportReporter -->
<testsuite hostname="BAM-033354-PA" name="Basics.WhatsApp_Simulator" tests="1" failures="0" timestamp="16 Aug 2015 06:07:13 GMT" time="24.462" errors="0">
  <testcase name="testApp" time="24.462" classname="Basics.WhatsApp_Simulator"/>
</testsuite> <!-- Basics.WhatsApp_Simulator -->
